<?xml version="1.0" encoding="UTF-8"?>
<coverage generated="1731319099287" clover="3.2.0">
  <project timestamp="1731319099287" name="All files">
    <metrics statements="42" coveredstatements="21" conditionals="6" coveredconditionals="3" methods="19" coveredmethods="8" elements="67" coveredelements="32" complexity="0" loc="42" ncloc="42" packages="1" files="2" classes="2"/>
    <file name="ApiFront.js" path="/Users/dam121/Documents/todowith_db/controllers/ApiFront.js">
      <metrics statements="26" coveredstatements="11" conditionals="0" coveredconditionals="0" methods="15" coveredmethods="5"/>
      <line num="2" count="1" type="stmt"/>
      <line num="9" count="1" type="stmt"/>
      <line num="10" count="0" type="stmt"/>
      <line num="12" count="0" type="stmt"/>
      <line num="17" count="1" type="stmt"/>
      <line num="18" count="1" type="stmt"/>
      <line num="25" count="1" type="stmt"/>
      <line num="26" count="1" type="stmt"/>
      <line num="27" count="1" type="stmt"/>
      <line num="29" count="1" type="stmt"/>
      <line num="32" count="0" type="stmt"/>
      <line num="35" count="1" type="stmt"/>
      <line num="39" count="0" type="stmt"/>
      <line num="46" count="0" type="stmt"/>
      <line num="47" count="0" type="stmt"/>
      <line num="48" count="0" type="stmt"/>
      <line num="50" count="0" type="stmt"/>
      <line num="53" count="0" type="stmt"/>
      <line num="58" count="0" type="stmt"/>
      <line num="65" count="0" type="stmt"/>
      <line num="66" count="0" type="stmt"/>
      <line num="68" count="0" type="stmt"/>
      <line num="73" count="3" type="stmt"/>
      <line num="79" count="3" type="stmt"/>
      <line num="80" count="0" type="stmt"/>
      <line num="82" count="0" type="stmt"/>
    </file>
    <file name="functionality.js" path="/Users/dam121/Documents/todowith_db/controllers/functionality.js">
      <metrics statements="16" coveredstatements="10" conditionals="6" coveredconditionals="3" methods="4" coveredmethods="3"/>
      <line num="4" count="1" type="cond" truecount="1" falsecount="1"/>
      <line num="7" count="1" type="stmt"/>
      <line num="8" count="1" type="stmt"/>
      <line num="12" count="1" type="stmt"/>
      <line num="14" count="1" type="stmt"/>
      <line num="20" count="1" type="stmt"/>
      <line num="21" count="1" type="stmt"/>
      <line num="22" count="1" type="stmt"/>
      <line num="28" count="1" type="stmt"/>
      <line num="30" count="1" type="cond" truecount="2" falsecount="2"/>
      <line num="31" count="0" type="stmt"/>
      <line num="36" count="0" type="stmt"/>
      <line num="41" count="0" type="stmt"/>
      <line num="42" count="0" type="stmt"/>
      <line num="43" count="0" type="stmt"/>
      <line num="44" count="0" type="stmt"/>
    </file>
  </project>
</coverage>
