{"/Users/dam121/Documents/todowith_db/controllers/ApiFront.js": {"path":"/Users/dam121/Documents/todowith_db/controllers/ApiFront.js","statementMap":{"0":{"start":{"line":2,"column":16},"end":{"line":8,"column":3}},"1":{"start":{"line":9,"column":2},"end":{"line":13,"column":7}},"2":{"start":{"line":10,"column":24},"end":{"line":10,"column":39}},"3":{"start":{"line":12,"column":6},"end":{"line":12,"column":18}},"4":{"start":{"line":17,"column":15},"end":{"line":17,"column":17}},"5":{"start":{"line":18,"column":16},"end":{"line":23,"column":3}},"6":{"start":{"line":25,"column":2},"end":{"line":33,"column":3}},"7":{"start":{"line":26,"column":4},"end":{"line":30,"column":9}},"8":{"start":{"line":27,"column":26},"end":{"line":27,"column":41}},"9":{"start":{"line":29,"column":8},"end":{"line":29,"column":22}},"10":{"start":{"line":32,"column":4},"end":{"line":32,"column":49}},"11":{"start":{"line":35,"column":2},"end":{"line":35,"column":16}},"12":{"start":{"line":39,"column":16},"end":{"line":45,"column":3}},"13":{"start":{"line":46,"column":2},"end":{"line":54,"column":3}},"14":{"start":{"line":47,"column":4},"end":{"line":51,"column":7}},"15":{"start":{"line":48,"column":24},"end":{"line":48,"column":39}},"16":{"start":{"line":50,"column":6},"end":{"line":50,"column":18}},"17":{"start":{"line":53,"column":4},"end":{"line":53,"column":51}},"18":{"start":{"line":58,"column":16},"end":{"line":64,"column":3}},"19":{"start":{"line":65,"column":2},"end":{"line":69,"column":7}},"20":{"start":{"line":66,"column":24},"end":{"line":66,"column":39}},"21":{"start":{"line":68,"column":6},"end":{"line":68,"column":18}},"22":{"start":{"line":73,"column":16},"end":{"line":78,"column":3}},"23":{"start":{"line":79,"column":2},"end":{"line":83,"column":7}},"24":{"start":{"line":80,"column":24},"end":{"line":80,"column":39}},"25":{"start":{"line":82,"column":6},"end":{"line":82,"column":18}}},"fnMap":{"0":{"name":"sendTask","decl":{"start":{"line":1,"column":9},"end":{"line":1,"column":17}},"loc":{"start":{"line":1,"column":27},"end":{"line":14,"column":1}},"line":1},"1":{"name":"(anonymous_1)","decl":{"start":{"line":10,"column":10},"end":{"line":10,"column":11}},"loc":{"start":{"line":10,"column":24},"end":{"line":10,"column":39}},"line":10},"2":{"name":"(anonymous_2)","decl":{"start":{"line":11,"column":10},"end":{"line":11,"column":11}},"loc":{"start":{"line":11,"column":20},"end":{"line":13,"column":5}},"line":11},"3":{"name":"getTasks","decl":{"start":{"line":16,"column":15},"end":{"line":16,"column":23}},"loc":{"start":{"line":16,"column":26},"end":{"line":36,"column":1}},"line":16},"4":{"name":"(anonymous_4)","decl":{"start":{"line":27,"column":12},"end":{"line":27,"column":13}},"loc":{"start":{"line":27,"column":26},"end":{"line":27,"column":41}},"line":27},"5":{"name":"(anonymous_5)","decl":{"start":{"line":28,"column":12},"end":{"line":28,"column":13}},"loc":{"start":{"line":28,"column":22},"end":{"line":30,"column":7}},"line":28},"6":{"name":"updateTask","decl":{"start":{"line":38,"column":15},"end":{"line":38,"column":25}},"loc":{"start":{"line":38,"column":32},"end":{"line":55,"column":1}},"line":38},"7":{"name":"(anonymous_7)","decl":{"start":{"line":48,"column":10},"end":{"line":48,"column":11}},"loc":{"start":{"line":48,"column":24},"end":{"line":48,"column":39}},"line":48},"8":{"name":"(anonymous_8)","decl":{"start":{"line":49,"column":10},"end":{"line":49,"column":11}},"loc":{"start":{"line":49,"column":20},"end":{"line":51,"column":5}},"line":49},"9":{"name":"deleteTask","decl":{"start":{"line":57,"column":9},"end":{"line":57,"column":19}},"loc":{"start":{"line":57,"column":24},"end":{"line":70,"column":1}},"line":57},"10":{"name":"(anonymous_10)","decl":{"start":{"line":66,"column":10},"end":{"line":66,"column":11}},"loc":{"start":{"line":66,"column":24},"end":{"line":66,"column":39}},"line":66},"11":{"name":"(anonymous_11)","decl":{"start":{"line":67,"column":10},"end":{"line":67,"column":11}},"loc":{"start":{"line":67,"column":20},"end":{"line":69,"column":5}},"line":67},"12":{"name":"deleteAllTasks","decl":{"start":{"line":72,"column":9},"end":{"line":72,"column":23}},"loc":{"start":{"line":72,"column":26},"end":{"line":84,"column":1}},"line":72},"13":{"name":"(anonymous_13)","decl":{"start":{"line":80,"column":10},"end":{"line":80,"column":11}},"loc":{"start":{"line":80,"column":24},"end":{"line":80,"column":39}},"line":80},"14":{"name":"(anonymous_14)","decl":{"start":{"line":81,"column":10},"end":{"line":81,"column":11}},"loc":{"start":{"line":81,"column":20},"end":{"line":83,"column":5}},"line":81}},"branchMap":{},"s":{"0":1,"1":1,"2":0,"3":0,"4":1,"5":1,"6":1,"7":1,"8":1,"9":1,"10":0,"11":1,"12":0,"13":0,"14":0,"15":0,"16":0,"17":0,"18":0,"19":0,"20":0,"21":0,"22":3,"23":3,"24":0,"25":0},"f":{"0":1,"1":0,"2":0,"3":1,"4":1,"5":1,"6":0,"7":0,"8":0,"9":0,"10":0,"11":0,"12":3,"13":0,"14":0},"b":{},"_coverageSchema":"1a1c01bbd47fc00a2c39e90264f33305004495a9","hash":"2f9c6dae883c448f67699b93ab847e7ae2a9f5e0"}
,"/Users/dam121/Documents/todowith_db/controllers/functionality.js": {"path":"/Users/dam121/Documents/todowith_db/controllers/functionality.js","statementMap":{"0":{"start":{"line":4,"column":12},"end":{"line":4,"column":41}},"1":{"start":{"line":7,"column":16},"end":{"line":7,"column":32}},"2":{"start":{"line":8,"column":2},"end":{"line":8,"column":27}},"3":{"start":{"line":12,"column":18},"end":{"line":12,"column":22}},"4":{"start":{"line":14,"column":19},"end":{"line":18,"column":3}},"5":{"start":{"line":20,"column":2},"end":{"line":20,"column":23}},"6":{"start":{"line":21,"column":2},"end":{"line":21,"column":23}},"7":{"start":{"line":22,"column":2},"end":{"line":22,"column":20}},"8":{"start":{"line":28,"column":20},"end":{"line":28,"column":62}},"9":{"start":{"line":30,"column":2},"end":{"line":37,"column":3}},"10":{"start":{"line":31,"column":20},"end":{"line":35,"column":5}},"11":{"start":{"line":36,"column":4},"end":{"line":36,"column":26}},"12":{"start":{"line":41,"column":2},"end":{"line":41,"column":26}},"13":{"start":{"line":42,"column":2},"end":{"line":42,"column":41}},"14":{"start":{"line":43,"column":2},"end":{"line":43,"column":26}},"15":{"start":{"line":44,"column":2},"end":{"line":44,"column":31}}},"fnMap":{"0":{"name":"populateArray","decl":{"start":{"line":6,"column":15},"end":{"line":6,"column":28}},"loc":{"start":{"line":6,"column":31},"end":{"line":9,"column":1}},"line":6},"1":{"name":"addTask_","decl":{"start":{"line":11,"column":9},"end":{"line":11,"column":17}},"loc":{"start":{"line":11,"column":24},"end":{"line":23,"column":1}},"line":11},"2":{"name":"editTaskText","decl":{"start":{"line":25,"column":9},"end":{"line":25,"column":21}},"loc":{"start":{"line":25,"column":34},"end":{"line":38,"column":1}},"line":25},"3":{"name":"taskDone_","decl":{"start":{"line":40,"column":15},"end":{"line":40,"column":24}},"loc":{"start":{"line":40,"column":37},"end":{"line":45,"column":1}},"line":40}},"branchMap":{"0":{"loc":{"start":{"line":4,"column":12},"end":{"line":4,"column":41}},"type":"binary-expr","locations":[{"start":{"line":4,"column":13},"end":{"line":4,"column":34}},{"start":{"line":4,"column":39},"end":{"line":4,"column":41}}],"line":4},"1":{"loc":{"start":{"line":30,"column":2},"end":{"line":37,"column":3}},"type":"if","locations":[{"start":{"line":30,"column":2},"end":{"line":37,"column":3}},{"start":{},"end":{}}],"line":30},"2":{"loc":{"start":{"line":30,"column":6},"end":{"line":30,"column":57}},"type":"binary-expr","locations":[{"start":{"line":30,"column":6},"end":{"line":30,"column":27}},{"start":{"line":30,"column":31},"end":{"line":30,"column":57}}],"line":30}},"s":{"0":1,"1":1,"2":1,"3":1,"4":1,"5":1,"6":1,"7":1,"8":1,"9":1,"10":0,"11":0,"12":0,"13":0,"14":0,"15":0},"f":{"0":1,"1":1,"2":1,"3":0},"b":{"0":[1,0],"1":[0,0],"2":[1,1]},"_coverageSchema":"1a1c01bbd47fc00a2c39e90264f33305004495a9","hash":"28381a114425538537068b786b27e42a0aeea78f"}
}
