TN:
SF:controllers/ApiFront.js
FN:1,sendTask
FN:10,(anonymous_1)
FN:11,(anonymous_2)
FN:16,getTasks
FN:27,(anonymous_4)
FN:28,(anonymous_5)
FN:38,updateTask
FN:48,(anonymous_7)
FN:49,(anonymous_8)
FN:57,deleteTask
FN:66,(anonymous_10)
FN:67,(anonymous_11)
FN:72,deleteAllTasks
FN:80,(anonymous_13)
FN:81,(anonymous_14)
FNF:15
FNH:6
FNDA:2,sendTask
FNDA:0,(anonymous_1)
FNDA:0,(anonymous_2)
FNDA:1,getTasks
FNDA:1,(anonymous_4)
FNDA:1,(anonymous_5)
FNDA:1,updateTask
FNDA:0,(anonymous_7)
FNDA:0,(anonymous_8)
FNDA:0,deleteTask
FNDA:0,(anonymous_10)
FNDA:0,(anonymous_11)
FNDA:5,deleteAllTasks
FNDA:0,(anonymous_13)
FNDA:0,(anonymous_14)
DA:2,2
DA:9,2
DA:10,0
DA:12,0
DA:17,1
DA:18,1
DA:25,1
DA:26,1
DA:27,1
DA:29,1
DA:32,0
DA:35,1
DA:39,1
DA:46,1
DA:47,1
DA:48,0
DA:50,0
DA:53,0
DA:58,0
DA:65,0
DA:66,0
DA:68,0
DA:73,5
DA:79,5
DA:80,0
DA:82,0
LF:26
LH:14
BRF:0
BRH:0
end_of_record
TN:
SF:controllers/functionality.js
FN:6,populateArray
FN:11,addTask_
FN:25,editTaskText
FN:40,taskDone_
FNF:4
FNH:3
FNDA:1,populateArray
FNDA:2,addTask_
FNDA:1,editTaskText
FNDA:0,taskDone_
DA:4,1
DA:7,1
DA:8,1
DA:12,2
DA:14,2
DA:20,2
DA:21,2
DA:22,2
DA:28,1
DA:30,1
DA:31,1
DA:36,1
DA:41,0
DA:42,0
DA:43,0
DA:44,0
LF:16
LH:12
BRDA:4,0,0,1
BRDA:4,0,1,0
BRDA:30,1,0,1
BRDA:30,1,1,0
BRDA:30,2,0,1
BRDA:30,2,1,1
BRF:6
BRH:4
end_of_record
